<?xml version="1.0" encoding="utf-8"?><testsuites name="pytest tests"><testsuite name="pytest" errors="0" failures="0" skipped="0" tests="40" time="45.277" timestamp="2026-08-30T13:15:35.927872+00:00" hostname="agent-env-f29a3cc4-0242-46bb-a577-7e5e0d1c1dec"><testcase classname="tests.backend_test.TestAuth" name="test_login_success" time="23.502" /><testcase classname="tests.backend_test.TestAuth" name="test_login_invalid" time="0.372" /><testcase classname="tests.backend_test.TestAuth" name="test_login_unknown_email" time="0.058" /><testcase classname="tests.backend_test.TestAuth" name="test_me" time="0.458" /><testcase classname="tests.backend_test.TestAuth" name="test_protected_requires_auth[/api/auth/me]" time="0.122" /><testcase classname="tests.backend_test.TestAuth" name="test_protected_requires_auth[/api/menu]" time="0.105" /><testcase classname="tests.backend_test.TestAuth" name="test_protected_requires_auth[/api/orders]" time="0.096" /><testcase classname="tests.backend_test.TestAuth" name="test_protected_requires_auth[/api/customers]" time="0.120" /><testcase classname="tests.backend_test.TestAuth" name="test_protected_requires_auth[/api/analytics/summary]" time="0.103" /><testcase classname="tests.backend_test.TestAuth" name="test_protected_requires_auth[/api/restaurant]" time="0.117" /><testcase classname="tests.backend_test.TestAuth" name="test_protected_requires_auth[/api/restaurant/ai-settings]" time="0.092" /><testcase classname="tests.backend_test.TestAuth" name="test_protected_requires_auth[/api/whatsapp/config]" time="0.116" /><testcase classname="tests.backend_test.TestAuth" name="test_protected_requires_auth[/api/conversations]" time="0.103" /><testcase classname="tests.backend_test.TestAuth" name="test_bad_token_rejected" time="0.118" /><testcase classname="tests.backend_test.TestAuth" name="test_bcrypt_hash_format" time="0.060" /><testcase classname="tests.backend_test.TestWhatsApp" name="test_config" time="0.058" /><testcase classname="tests.backend_test.TestWhatsApp" name="test_provider_switch_persists" time="0.331" /><testcase classname="tests.backend_test.TestWhatsApp" name="test_meta_credentials_masked" time="0.112" /><testcase classname="tests.backend_test.TestWhatsApp" name="test_connect_simulator" time="0.227" /><testcase classname="tests.backend_test.TestHealth" name="test_health" time="0.062" /><testcase classname="tests.backend_test.TestHealth" name="test_root" time="0.060" /><testcase classname="tests.backend_test.TestMenu" name="test_get_menu" time="0.058" /><testcase classname="tests.backend_test.TestMenu" name="test_category_and_item_crud" time="0.551" /><testcase classname="tests.backend_test.TestSettings" name="test_restaurant_get_update" time="0.215" /><testcase classname="tests.backend_test.TestSettings" name="test_ai_settings_get_update" time="0.242" /><testcase classname="tests.backend_test.TestCustomers" name="test_list_and_detail" time="0.137" /><testcase classname="tests.backend_test.TestCustomers" name="test_customer_404" time="0.058" /><testcase classname="tests.backend_test.TestConversations" name="test_list_and_handoff_and_reply" time="0.389" /><testcase classname="tests.backend_test.TestConversations" name="test_conversation_404" time="0.057" /><testcase classname="tests.backend_test.TestStream" name="test_stream_requires_token" time="0.112" /><testcase classname="tests.backend_test.TestStream" name="test_stream_opens_with_token" time="0.110" /><testcase classname="tests.backend_test.TestAnalytics" name="test_summary" time="0.060" /><testcase classname="tests.backend_test.TestTenantIsolation" name="test_new_tenant_sees_no_other_data" time="0.640" /><testcase classname="tests.backend_test.TestAIOrderFlow" name="test_menu_shown" time="44.134" /><testcase classname="tests.backend_test.TestAIOrderFlow" name="test_items_added_to_cart" time="0.001" /><testcase classname="tests.backend_test.TestAIOrderFlow" name="test_summary_has_totals" time="0.000" /><testcase classname="tests.backend_test.TestAIOrderFlow" name="test_order_created_with_number_and_eta" time="0.042" /><testcase classname="tests.backend_test.TestAIOrderFlow" name="test_order_detail_and_status_progression" time="0.422" /><testcase classname="tests.backend_test.TestAIOrderFlow" name="test_invalid_status_rejected" time="0.085" /><testcase classname="tests.backend_test.TestAIOrderFlow" name="test_order_404" time="0.043" /></testsuite></testsuites>